{"J:\\APPS\\CLIENT\\texoit\\api\\src\\app.ts": {"path":"J:\\APPS\\CLIENT\\texoit\\api\\src\\app.ts","all":false,"statementMap":{"0":{"start":{"line":1,"column":0},"end":{"line":1,"column":62}},"1":{"start":{"line":2,"column":0},"end":{"line":2,"column":41}},"2":{"start":{"line":3,"column":0},"end":{"line":3,"column":23}},"3":{"start":{"line":4,"column":0},"end":{"line":4,"column":92}},"4":{"start":{"line":5,"column":0},"end":{"line":5,"column":42}},"5":{"start":{"line":6,"column":0},"end":{"line":6,"column":40}},"6":{"start":{"line":7,"column":0},"end":{"line":7,"column":58}},"7":{"start":{"line":8,"column":0},"end":{"line":8,"column":0}},"8":{"start":{"line":9,"column":0},"end":{"line":9,"column":8}},"9":{"start":{"line":10,"column":0},"end":{"line":10,"column":41}},"10":{"start":{"line":11,"column":0},"end":{"line":11,"column":3}},"11":{"start":{"line":12,"column":0},"end":{"line":12,"column":0}},"12":{"start":{"line":13,"column":0},"end":{"line":13,"column":31}},"13":{"start":{"line":14,"column":0},"end":{"line":14,"column":0}},"14":{"start":{"line":15,"column":0},"end":{"line":15,"column":15}},"15":{"start":{"line":16,"column":0},"end":{"line":16,"column":0}},"16":{"start":{"line":17,"column":0},"end":{"line":17,"column":53}},"17":{"start":{"line":18,"column":0},"end":{"line":18,"column":14}},"18":{"start":{"line":19,"column":0},"end":{"line":19,"column":25}},"19":{"start":{"line":20,"column":0},"end":{"line":20,"column":7}},"20":{"start":{"line":21,"column":0},"end":{"line":21,"column":3}},"21":{"start":{"line":22,"column":0},"end":{"line":22,"column":0}},"22":{"start":{"line":23,"column":0},"end":{"line":23,"column":67}},"23":{"start":{"line":24,"column":0},"end":{"line":24,"column":9}},"24":{"start":{"line":25,"column":0},"end":{"line":25,"column":95}},"25":{"start":{"line":26,"column":0},"end":{"line":26,"column":39}},"26":{"start":{"line":27,"column":0},"end":{"line":27,"column":46}},"27":{"start":{"line":28,"column":0},"end":{"line":28,"column":23}},"28":{"start":{"line":29,"column":0},"end":{"line":29,"column":37}},"29":{"start":{"line":30,"column":0},"end":{"line":30,"column":0}},"30":{"start":{"line":31,"column":0},"end":{"line":31,"column":42}},"31":{"start":{"line":32,"column":0},"end":{"line":32,"column":0}},"32":{"start":{"line":33,"column":0},"end":{"line":33,"column":62}},"33":{"start":{"line":34,"column":0},"end":{"line":34,"column":35}},"34":{"start":{"line":35,"column":0},"end":{"line":35,"column":45}},"35":{"start":{"line":36,"column":0},"end":{"line":36,"column":55}},"36":{"start":{"line":37,"column":0},"end":{"line":37,"column":58}},"37":{"start":{"line":38,"column":0},"end":{"line":38,"column":49}},"38":{"start":{"line":39,"column":0},"end":{"line":39,"column":52}},"39":{"start":{"line":40,"column":0},"end":{"line":40,"column":47}},"40":{"start":{"line":41,"column":0},"end":{"line":41,"column":71}},"41":{"start":{"line":42,"column":0},"end":{"line":42,"column":36}},"42":{"start":{"line":43,"column":0},"end":{"line":43,"column":0}},"43":{"start":{"line":44,"column":0},"end":{"line":44,"column":19}},"44":{"start":{"line":45,"column":0},"end":{"line":45,"column":42}},"45":{"start":{"line":46,"column":0},"end":{"line":46,"column":29}},"46":{"start":{"line":47,"column":0},"end":{"line":47,"column":9}},"47":{"start":{"line":48,"column":0},"end":{"line":48,"column":0}},"48":{"start":{"line":49,"column":0},"end":{"line":49,"column":21}},"49":{"start":{"line":50,"column":0},"end":{"line":50,"column":44}},"50":{"start":{"line":51,"column":0},"end":{"line":51,"column":55}},"51":{"start":{"line":52,"column":0},"end":{"line":52,"column":9}},"52":{"start":{"line":53,"column":0},"end":{"line":53,"column":0}},"53":{"start":{"line":54,"column":0},"end":{"line":54,"column":16}},"54":{"start":{"line":55,"column":0},"end":{"line":55,"column":43}},"55":{"start":{"line":56,"column":0},"end":{"line":56,"column":26}},"56":{"start":{"line":57,"column":0},"end":{"line":57,"column":9}},"57":{"start":{"line":58,"column":0},"end":{"line":58,"column":0}},"58":{"start":{"line":59,"column":0},"end":{"line":59,"column":27}},"59":{"start":{"line":60,"column":0},"end":{"line":60,"column":28}},"60":{"start":{"line":61,"column":0},"end":{"line":61,"column":0}},"61":{"start":{"line":62,"column":0},"end":{"line":62,"column":42}},"62":{"start":{"line":63,"column":0},"end":{"line":63,"column":26}},"63":{"start":{"line":64,"column":0},"end":{"line":64,"column":18}},"64":{"start":{"line":65,"column":0},"end":{"line":65,"column":20}},"65":{"start":{"line":66,"column":0},"end":{"line":66,"column":23}},"66":{"start":{"line":67,"column":0},"end":{"line":67,"column":23}},"67":{"start":{"line":68,"column":0},"end":{"line":68,"column":18}},"68":{"start":{"line":69,"column":0},"end":{"line":69,"column":0}},"69":{"start":{"line":70,"column":0},"end":{"line":70,"column":18}},"70":{"start":{"line":71,"column":0},"end":{"line":71,"column":27}},"71":{"start":{"line":72,"column":0},"end":{"line":72,"column":17}},"72":{"start":{"line":73,"column":0},"end":{"line":73,"column":18}},"73":{"start":{"line":74,"column":0},"end":{"line":74,"column":17}},"74":{"start":{"line":75,"column":0},"end":{"line":75,"column":17}},"75":{"start":{"line":76,"column":0},"end":{"line":76,"column":18}},"76":{"start":{"line":77,"column":0},"end":{"line":77,"column":26}},"77":{"start":{"line":78,"column":0},"end":{"line":78,"column":27}},"78":{"start":{"line":79,"column":0},"end":{"line":79,"column":10}},"79":{"start":{"line":80,"column":0},"end":{"line":80,"column":0}},"80":{"start":{"line":81,"column":0},"end":{"line":81,"column":16}},"81":{"start":{"line":82,"column":0},"end":{"line":82,"column":30}},"82":{"start":{"line":83,"column":0},"end":{"line":83,"column":41}},"83":{"start":{"line":84,"column":0},"end":{"line":84,"column":10}},"84":{"start":{"line":85,"column":0},"end":{"line":85,"column":5}},"85":{"start":{"line":86,"column":0},"end":{"line":86,"column":3}},"86":{"start":{"line":87,"column":0},"end":{"line":87,"column":0}},"87":{"start":{"line":88,"column":0},"end":{"line":88,"column":76}},"88":{"start":{"line":89,"column":0},"end":{"line":89,"column":9}},"89":{"start":{"line":90,"column":0},"end":{"line":90,"column":43}},"90":{"start":{"line":91,"column":0},"end":{"line":91,"column":39}},"91":{"start":{"line":92,"column":0},"end":{"line":92,"column":59}},"92":{"start":{"line":93,"column":0},"end":{"line":93,"column":0}},"93":{"start":{"line":94,"column":0},"end":{"line":94,"column":26}},"94":{"start":{"line":95,"column":0},"end":{"line":95,"column":32}},"95":{"start":{"line":96,"column":0},"end":{"line":96,"column":32}},"96":{"start":{"line":97,"column":0},"end":{"line":97,"column":0}},"97":{"start":{"line":98,"column":0},"end":{"line":98,"column":42}},"98":{"start":{"line":99,"column":0},"end":{"line":99,"column":53}},"99":{"start":{"line":100,"column":0},"end":{"line":100,"column":20}},"100":{"start":{"line":101,"column":0},"end":{"line":101,"column":36}},"101":{"start":{"line":102,"column":0},"end":{"line":102,"column":14}},"102":{"start":{"line":103,"column":0},"end":{"line":103,"column":22}},"103":{"start":{"line":104,"column":0},"end":{"line":104,"column":24}},"104":{"start":{"line":105,"column":0},"end":{"line":105,"column":14}},"105":{"start":{"line":106,"column":0},"end":{"line":106,"column":22}},"106":{"start":{"line":107,"column":0},"end":{"line":107,"column":35}},"107":{"start":{"line":108,"column":0},"end":{"line":108,"column":14}},"108":{"start":{"line":109,"column":0},"end":{"line":109,"column":23}},"109":{"start":{"line":110,"column":0},"end":{"line":110,"column":23}},"110":{"start":{"line":111,"column":0},"end":{"line":111,"column":18}},"111":{"start":{"line":112,"column":0},"end":{"line":112,"column":0}},"112":{"start":{"line":113,"column":0},"end":{"line":113,"column":25}},"113":{"start":{"line":114,"column":0},"end":{"line":114,"column":16}},"114":{"start":{"line":115,"column":0},"end":{"line":115,"column":30}},"115":{"start":{"line":116,"column":0},"end":{"line":116,"column":41}},"116":{"start":{"line":117,"column":0},"end":{"line":117,"column":10}},"117":{"start":{"line":118,"column":0},"end":{"line":118,"column":5}},"118":{"start":{"line":119,"column":0},"end":{"line":119,"column":3}},"119":{"start":{"line":120,"column":0},"end":{"line":120,"column":0}},"120":{"start":{"line":121,"column":0},"end":{"line":121,"column":78}},"121":{"start":{"line":122,"column":0},"end":{"line":122,"column":9}},"122":{"start":{"line":123,"column":0},"end":{"line":123,"column":39}},"123":{"start":{"line":124,"column":0},"end":{"line":124,"column":59}},"124":{"start":{"line":125,"column":0},"end":{"line":125,"column":0}},"125":{"start":{"line":126,"column":0},"end":{"line":126,"column":26}},"126":{"start":{"line":127,"column":0},"end":{"line":127,"column":22}},"127":{"start":{"line":128,"column":0},"end":{"line":128,"column":22}},"128":{"start":{"line":129,"column":0},"end":{"line":129,"column":0}},"129":{"start":{"line":130,"column":0},"end":{"line":130,"column":42}},"130":{"start":{"line":131,"column":0},"end":{"line":131,"column":56}},"131":{"start":{"line":132,"column":0},"end":{"line":132,"column":20}},"132":{"start":{"line":133,"column":0},"end":{"line":133,"column":36}},"133":{"start":{"line":134,"column":0},"end":{"line":134,"column":14}},"134":{"start":{"line":135,"column":0},"end":{"line":135,"column":22}},"135":{"start":{"line":136,"column":0},"end":{"line":136,"column":27}},"136":{"start":{"line":137,"column":0},"end":{"line":137,"column":14}},"137":{"start":{"line":138,"column":0},"end":{"line":138,"column":22}},"138":{"start":{"line":139,"column":0},"end":{"line":139,"column":35}},"139":{"start":{"line":140,"column":0},"end":{"line":140,"column":14}},"140":{"start":{"line":141,"column":0},"end":{"line":141,"column":23}},"141":{"start":{"line":142,"column":0},"end":{"line":142,"column":23}},"142":{"start":{"line":143,"column":0},"end":{"line":143,"column":18}},"143":{"start":{"line":144,"column":0},"end":{"line":144,"column":0}},"144":{"start":{"line":145,"column":0},"end":{"line":145,"column":25}},"145":{"start":{"line":146,"column":0},"end":{"line":146,"column":16}},"146":{"start":{"line":147,"column":0},"end":{"line":147,"column":30}},"147":{"start":{"line":148,"column":0},"end":{"line":148,"column":41}},"148":{"start":{"line":149,"column":0},"end":{"line":149,"column":10}},"149":{"start":{"line":150,"column":0},"end":{"line":150,"column":5}},"150":{"start":{"line":151,"column":0},"end":{"line":151,"column":3}},"151":{"start":{"line":152,"column":0},"end":{"line":152,"column":0}},"152":{"start":{"line":153,"column":0},"end":{"line":153,"column":74}},"153":{"start":{"line":154,"column":0},"end":{"line":154,"column":9}},"154":{"start":{"line":155,"column":0},"end":{"line":155,"column":41}},"155":{"start":{"line":156,"column":0},"end":{"line":156,"column":39}},"156":{"start":{"line":157,"column":0},"end":{"line":157,"column":71}},"157":{"start":{"line":158,"column":0},"end":{"line":158,"column":0}},"158":{"start":{"line":159,"column":0},"end":{"line":159,"column":26}},"159":{"start":{"line":160,"column":0},"end":{"line":160,"column":25}},"160":{"start":{"line":161,"column":0},"end":{"line":161,"column":32}},"161":{"start":{"line":162,"column":0},"end":{"line":162,"column":22}},"162":{"start":{"line":163,"column":0},"end":{"line":163,"column":0}},"163":{"start":{"line":164,"column":0},"end":{"line":164,"column":42}},"164":{"start":{"line":165,"column":0},"end":{"line":165,"column":44}},"165":{"start":{"line":166,"column":0},"end":{"line":166,"column":20}},"166":{"start":{"line":167,"column":0},"end":{"line":167,"column":37}},"167":{"start":{"line":168,"column":0},"end":{"line":168,"column":34}},"168":{"start":{"line":169,"column":0},"end":{"line":169,"column":14}},"169":{"start":{"line":170,"column":0},"end":{"line":170,"column":22}},"170":{"start":{"line":171,"column":0},"end":{"line":171,"column":32}},"171":{"start":{"line":172,"column":0},"end":{"line":172,"column":14}},"172":{"start":{"line":173,"column":0},"end":{"line":173,"column":23}},"173":{"start":{"line":174,"column":0},"end":{"line":174,"column":23}},"174":{"start":{"line":175,"column":0},"end":{"line":175,"column":18}},"175":{"start":{"line":176,"column":0},"end":{"line":176,"column":0}},"176":{"start":{"line":177,"column":0},"end":{"line":177,"column":25}},"177":{"start":{"line":178,"column":0},"end":{"line":178,"column":16}},"178":{"start":{"line":179,"column":0},"end":{"line":179,"column":30}},"179":{"start":{"line":180,"column":0},"end":{"line":180,"column":41}},"180":{"start":{"line":181,"column":0},"end":{"line":181,"column":10}},"181":{"start":{"line":182,"column":0},"end":{"line":182,"column":5}},"182":{"start":{"line":183,"column":0},"end":{"line":183,"column":3}},"183":{"start":{"line":184,"column":0},"end":{"line":184,"column":0}},"184":{"start":{"line":185,"column":0},"end":{"line":185,"column":74}},"185":{"start":{"line":186,"column":0},"end":{"line":186,"column":9}},"186":{"start":{"line":187,"column":0},"end":{"line":187,"column":45}},"187":{"start":{"line":188,"column":0},"end":{"line":188,"column":46}},"188":{"start":{"line":189,"column":0},"end":{"line":189,"column":0}},"189":{"start":{"line":190,"column":0},"end":{"line":190,"column":25}},"190":{"start":{"line":191,"column":0},"end":{"line":191,"column":40}},"191":{"start":{"line":192,"column":0},"end":{"line":192,"column":39}},"192":{"start":{"line":193,"column":0},"end":{"line":193,"column":9}},"193":{"start":{"line":194,"column":0},"end":{"line":194,"column":0}},"194":{"start":{"line":195,"column":0},"end":{"line":195,"column":25}},"195":{"start":{"line":196,"column":0},"end":{"line":196,"column":16}},"196":{"start":{"line":197,"column":0},"end":{"line":197,"column":30}},"197":{"start":{"line":198,"column":0},"end":{"line":198,"column":41}},"198":{"start":{"line":199,"column":0},"end":{"line":199,"column":10}},"199":{"start":{"line":200,"column":0},"end":{"line":200,"column":5}},"200":{"start":{"line":201,"column":0},"end":{"line":201,"column":3}},"201":{"start":{"line":202,"column":0},"end":{"line":202,"column":0}},"202":{"start":{"line":203,"column":0},"end":{"line":203,"column":18}}},"s":{"0":1,"1":1,"2":1,"3":1,"4":1,"5":1,"6":1,"7":1,"8":1,"9":1,"10":1,"11":1,"12":1,"13":1,"14":1,"15":1,"16":1,"17":0,"18":0,"19":0,"20":1,"21":1,"22":1,"23":7,"24":7,"25":7,"26":7,"27":7,"28":7,"29":7,"30":7,"31":7,"32":7,"33":7,"34":7,"35":7,"36":7,"37":7,"38":7,"39":7,"40":7,"41":7,"42":7,"43":7,"44":1,"45":1,"46":1,"47":7,"48":7,"49":0,"50":0,"51":0,"52":7,"53":7,"54":0,"55":0,"56":0,"57":7,"58":7,"59":7,"60":7,"61":7,"62":7,"63":7,"64":7,"65":7,"66":7,"67":7,"68":7,"69":7,"70":7,"71":7,"72":7,"73":7,"74":7,"75":7,"76":7,"77":7,"78":7,"79":7,"80":7,"81":0,"82":0,"83":0,"84":0,"85":1,"86":1,"87":1,"88":1,"89":1,"90":1,"91":1,"92":1,"93":1,"94":1,"95":1,"96":1,"97":1,"98":1,"99":1,"100":1,"101":1,"102":1,"103":1,"104":1,"105":1,"106":1,"107":1,"108":1,"109":1,"110":1,"111":1,"112":1,"113":1,"114":0,"115":0,"116":0,"117":0,"118":1,"119":1,"120":1,"121":1,"122":1,"123":1,"124":1,"125":1,"126":1,"127":1,"128":1,"129":1,"130":1,"131":1,"132":1,"133":1,"134":1,"135":1,"136":1,"137":1,"138":1,"139":1,"140":1,"141":1,"142":1,"143":1,"144":1,"145":1,"146":0,"147":0,"148":0,"149":0,"150":1,"151":1,"152":1,"153":1,"154":1,"155":1,"156":1,"157":1,"158":1,"159":1,"160":1,"161":1,"162":1,"163":1,"164":1,"165":1,"166":1,"167":1,"168":1,"169":1,"170":1,"171":1,"172":1,"173":1,"174":1,"175":1,"176":1,"177":1,"178":0,"179":0,"180":0,"181":0,"182":1,"183":1,"184":1,"185":1,"186":1,"187":1,"188":1,"189":1,"190":1,"191":1,"192":1,"193":1,"194":1,"195":1,"196":0,"197":0,"198":0,"199":0,"200":1,"201":1,"202":1},"branchMap":{"0":{"type":"branch","line":23,"loc":{"start":{"line":23,"column":19},"end":{"line":86,"column":2}},"locations":[{"start":{"line":23,"column":19},"end":{"line":86,"column":2}}]},"1":{"type":"branch","line":23,"loc":{"start":{"line":23,"column":65},"end":{"line":86,"column":2}},"locations":[{"start":{"line":23,"column":65},"end":{"line":86,"column":2}}]},"2":{"type":"branch","line":27,"loc":{"start":{"line":27,"column":30},"end":{"line":27,"column":45}},"locations":[{"start":{"line":27,"column":30},"end":{"line":27,"column":45}}]},"3":{"type":"branch","line":33,"loc":{"start":{"line":33,"column":37},"end":{"line":33,"column":44}},"locations":[{"start":{"line":33,"column":37},"end":{"line":33,"column":44}}]},"4":{"type":"branch","line":33,"loc":{"start":{"line":33,"column":45},"end":{"line":33,"column":62}},"locations":[{"start":{"line":33,"column":45},"end":{"line":33,"column":62}}]},"5":{"type":"branch","line":35,"loc":{"start":{"line":35,"column":12},"end":{"line":35,"column":45}},"locations":[{"start":{"line":35,"column":12},"end":{"line":35,"column":45}}]},"6":{"type":"branch","line":39,"loc":{"start":{"line":39,"column":45},"end":{"line":39,"column":51}},"locations":[{"start":{"line":39,"column":45},"end":{"line":39,"column":51}}]},"7":{"type":"branch","line":40,"loc":{"start":{"line":40,"column":30},"end":{"line":40,"column":40}},"locations":[{"start":{"line":40,"column":30},"end":{"line":40,"column":40}}]},"8":{"type":"branch","line":44,"loc":{"start":{"line":44,"column":18},"end":{"line":47,"column":9}},"locations":[{"start":{"line":44,"column":18},"end":{"line":47,"column":9}}]},"9":{"type":"branch","line":49,"loc":{"start":{"line":49,"column":20},"end":{"line":52,"column":9}},"locations":[{"start":{"line":49,"column":20},"end":{"line":52,"column":9}}]},"10":{"type":"branch","line":54,"loc":{"start":{"line":54,"column":15},"end":{"line":57,"column":9}},"locations":[{"start":{"line":54,"column":15},"end":{"line":57,"column":9}}]},"11":{"type":"branch","line":81,"loc":{"start":{"line":81,"column":6},"end":{"line":85,"column":5}},"locations":[{"start":{"line":81,"column":6},"end":{"line":85,"column":5}}]},"12":{"type":"branch","line":29,"loc":{"start":{"line":29,"column":17},"end":{"line":29,"column":36}},"locations":[{"start":{"line":29,"column":17},"end":{"line":29,"column":36}}]},"13":{"type":"branch","line":88,"loc":{"start":{"line":88,"column":28},"end":{"line":119,"column":2}},"locations":[{"start":{"line":88,"column":28},"end":{"line":119,"column":2}}]},"14":{"type":"branch","line":88,"loc":{"start":{"line":88,"column":74},"end":{"line":119,"column":2}},"locations":[{"start":{"line":88,"column":74},"end":{"line":119,"column":2}}]},"15":{"type":"branch","line":95,"loc":{"start":{"line":95,"column":25},"end":{"line":95,"column":31}},"locations":[{"start":{"line":95,"column":25},"end":{"line":95,"column":31}}]},"16":{"type":"branch","line":114,"loc":{"start":{"line":114,"column":6},"end":{"line":118,"column":5}},"locations":[{"start":{"line":114,"column":6},"end":{"line":118,"column":5}}]},"17":{"type":"branch","line":121,"loc":{"start":{"line":121,"column":30},"end":{"line":151,"column":2}},"locations":[{"start":{"line":121,"column":30},"end":{"line":151,"column":2}}]},"18":{"type":"branch","line":121,"loc":{"start":{"line":121,"column":76},"end":{"line":151,"column":2}},"locations":[{"start":{"line":121,"column":76},"end":{"line":151,"column":2}}]},"19":{"type":"branch","line":146,"loc":{"start":{"line":146,"column":6},"end":{"line":150,"column":5}},"locations":[{"start":{"line":146,"column":6},"end":{"line":150,"column":5}}]},"20":{"type":"branch","line":153,"loc":{"start":{"line":153,"column":26},"end":{"line":183,"column":2}},"locations":[{"start":{"line":153,"column":26},"end":{"line":183,"column":2}}]},"21":{"type":"branch","line":153,"loc":{"start":{"line":153,"column":72},"end":{"line":183,"column":2}},"locations":[{"start":{"line":153,"column":72},"end":{"line":183,"column":2}}]},"22":{"type":"branch","line":161,"loc":{"start":{"line":161,"column":25},"end":{"line":161,"column":31}},"locations":[{"start":{"line":161,"column":25},"end":{"line":161,"column":31}}]},"23":{"type":"branch","line":178,"loc":{"start":{"line":178,"column":6},"end":{"line":182,"column":5}},"locations":[{"start":{"line":178,"column":6},"end":{"line":182,"column":5}}]},"24":{"type":"branch","line":185,"loc":{"start":{"line":185,"column":26},"end":{"line":201,"column":2}},"locations":[{"start":{"line":185,"column":26},"end":{"line":201,"column":2}}]},"25":{"type":"branch","line":185,"loc":{"start":{"line":185,"column":72},"end":{"line":201,"column":2}},"locations":[{"start":{"line":185,"column":72},"end":{"line":201,"column":2}}]},"26":{"type":"branch","line":196,"loc":{"start":{"line":196,"column":6},"end":{"line":200,"column":5}},"locations":[{"start":{"line":196,"column":6},"end":{"line":200,"column":5}}]}},"b":{"0":[7],"1":[7],"2":[5],"3":[1],"4":[1],"5":[0],"6":[0],"7":[0],"8":[1],"9":[0],"10":[0],"11":[0],"12":[7],"13":[1],"14":[1],"15":[0],"16":[0],"17":[1],"18":[1],"19":[0],"20":[1],"21":[1],"22":[0],"23":[0],"24":[1],"25":[1],"26":[0]},"fnMap":{},"f":{}}
,"J:\\APPS\\CLIENT\\texoit\\api\\src\\constants.ts": {"path":"J:\\APPS\\CLIENT\\texoit\\api\\src\\constants.ts","all":false,"statementMap":{"0":{"start":{"line":1,"column":0},"end":{"line":1,"column":31}},"1":{"start":{"line":2,"column":0},"end":{"line":2,"column":31}},"2":{"start":{"line":3,"column":0},"end":{"line":3,"column":0}},"3":{"start":{"line":4,"column":0},"end":{"line":4,"column":44}}},"s":{"0":1,"1":1,"2":1,"3":1},"branchMap":{},"b":{},"fnMap":{},"f":{}}
,"J:\\APPS\\CLIENT\\texoit\\api\\src\\models\\movie.ts": {"path":"J:\\APPS\\CLIENT\\texoit\\api\\src\\models\\movie.ts","all":false,"statementMap":{"0":{"start":{"line":1,"column":0},"end":{"line":1,"column":53}},"1":{"start":{"line":2,"column":0},"end":{"line":2,"column":0}},"2":{"start":{"line":3,"column":0},"end":{"line":3,"column":20}},"3":{"start":{"line":4,"column":0},"end":{"line":4,"column":20}},"4":{"start":{"line":5,"column":0},"end":{"line":5,"column":24}},"5":{"start":{"line":6,"column":0},"end":{"line":6,"column":23}},"6":{"start":{"line":7,"column":0},"end":{"line":7,"column":25}},"7":{"start":{"line":8,"column":0},"end":{"line":8,"column":27}},"8":{"start":{"line":9,"column":0},"end":{"line":9,"column":24}},"9":{"start":{"line":10,"column":0},"end":{"line":10,"column":0}},"10":{"start":{"line":11,"column":0},"end":{"line":11,"column":56}},"11":{"start":{"line":12,"column":0},"end":{"line":12,"column":42}},"12":{"start":{"line":13,"column":0},"end":{"line":13,"column":37}},"13":{"start":{"line":14,"column":0},"end":{"line":14,"column":30}},"14":{"start":{"line":15,"column":0},"end":{"line":15,"column":40}},"15":{"start":{"line":16,"column":0},"end":{"line":16,"column":13}},"16":{"start":{"line":17,"column":0},"end":{"line":17,"column":10}},"17":{"start":{"line":18,"column":0},"end":{"line":18,"column":5}},"18":{"start":{"line":19,"column":0},"end":{"line":19,"column":0}},"19":{"start":{"line":20,"column":0},"end":{"line":20,"column":46}},"20":{"start":{"line":21,"column":0},"end":{"line":21,"column":21}},"21":{"start":{"line":22,"column":0},"end":{"line":22,"column":26}},"22":{"start":{"line":23,"column":0},"end":{"line":23,"column":20}},"23":{"start":{"line":24,"column":0},"end":{"line":24,"column":5}},"24":{"start":{"line":25,"column":0},"end":{"line":25,"column":1}},"25":{"start":{"line":26,"column":0},"end":{"line":26,"column":0}},"26":{"start":{"line":27,"column":0},"end":{"line":27,"column":48}},"27":{"start":{"line":28,"column":0},"end":{"line":28,"column":19}},"28":{"start":{"line":29,"column":0},"end":{"line":29,"column":25}},"29":{"start":{"line":30,"column":0},"end":{"line":30,"column":28}},"30":{"start":{"line":31,"column":0},"end":{"line":31,"column":26}},"31":{"start":{"line":32,"column":0},"end":{"line":32,"column":28}},"32":{"start":{"line":33,"column":0},"end":{"line":33,"column":30}},"33":{"start":{"line":34,"column":0},"end":{"line":34,"column":27}},"34":{"start":{"line":35,"column":0},"end":{"line":35,"column":11}},"35":{"start":{"line":36,"column":0},"end":{"line":36,"column":5}},"36":{"start":{"line":37,"column":0},"end":{"line":37,"column":1}}},"s":{"0":1,"1":1,"2":1,"3":1,"4":1,"5":1,"6":1,"7":1,"8":1,"9":1,"10":1,"11":0,"12":0,"13":0,"14":0,"15":0,"16":0,"17":0,"18":1,"19":1,"20":0,"21":0,"22":0,"23":0,"24":1,"25":1,"26":1,"27":1,"28":15,"29":15,"30":15,"31":15,"32":15,"33":15,"34":15,"35":15,"36":1},"branchMap":{"0":{"type":"branch","line":28,"loc":{"start":{"line":28,"column":4},"end":{"line":36,"column":5}},"locations":[{"start":{"line":28,"column":4},"end":{"line":36,"column":5}}]}},"b":{"0":[15]},"fnMap":{"0":{"name":"Movie","decl":{"start":{"line":11,"column":4},"end":{"line":18,"column":5}},"loc":{"start":{"line":11,"column":4},"end":{"line":18,"column":5}},"line":11},"1":{"name":"set","decl":{"start":{"line":20,"column":4},"end":{"line":24,"column":5}},"loc":{"start":{"line":20,"column":4},"end":{"line":24,"column":5}},"line":20},"2":{"name":"MovieTable","decl":{"start":{"line":28,"column":4},"end":{"line":36,"column":5}},"loc":{"start":{"line":28,"column":4},"end":{"line":36,"column":5}},"line":28}},"f":{"0":0,"1":0,"2":15}}
,"J:\\APPS\\CLIENT\\texoit\\api\\src\\services\\db-table.service.ts": {"path":"J:\\APPS\\CLIENT\\texoit\\api\\src\\services\\db-table.service.ts","all":false,"statementMap":{"0":{"start":{"line":1,"column":0},"end":{"line":1,"column":48}},"1":{"start":{"line":2,"column":0},"end":{"line":2,"column":37}},"2":{"start":{"line":3,"column":0},"end":{"line":3,"column":0}},"3":{"start":{"line":4,"column":0},"end":{"line":4,"column":23}},"4":{"start":{"line":5,"column":0},"end":{"line":5,"column":22}},"5":{"start":{"line":6,"column":0},"end":{"line":6,"column":20}},"6":{"start":{"line":7,"column":0},"end":{"line":7,"column":21}},"7":{"start":{"line":8,"column":0},"end":{"line":8,"column":1}},"8":{"start":{"line":9,"column":0},"end":{"line":9,"column":0}},"9":{"start":{"line":10,"column":0},"end":{"line":10,"column":25}},"10":{"start":{"line":11,"column":0},"end":{"line":11,"column":0}},"11":{"start":{"line":12,"column":0},"end":{"line":12,"column":17}},"12":{"start":{"line":13,"column":0},"end":{"line":13,"column":18}},"13":{"start":{"line":14,"column":0},"end":{"line":14,"column":26}},"14":{"start":{"line":15,"column":0},"end":{"line":15,"column":25}},"15":{"start":{"line":16,"column":0},"end":{"line":16,"column":0}},"16":{"start":{"line":17,"column":0},"end":{"line":17,"column":73}},"17":{"start":{"line":18,"column":0},"end":{"line":18,"column":31}},"18":{"start":{"line":19,"column":0},"end":{"line":19,"column":47}},"19":{"start":{"line":20,"column":0},"end":{"line":20,"column":39}},"20":{"start":{"line":21,"column":0},"end":{"line":21,"column":48}},"21":{"start":{"line":22,"column":0},"end":{"line":22,"column":22}},"22":{"start":{"line":23,"column":0},"end":{"line":23,"column":51}},"23":{"start":{"line":24,"column":0},"end":{"line":24,"column":20}},"24":{"start":{"line":25,"column":0},"end":{"line":25,"column":66}},"25":{"start":{"line":26,"column":0},"end":{"line":26,"column":5}},"26":{"start":{"line":27,"column":0},"end":{"line":27,"column":0}},"27":{"start":{"line":28,"column":0},"end":{"line":28,"column":54}},"28":{"start":{"line":29,"column":0},"end":{"line":29,"column":58}},"29":{"start":{"line":30,"column":0},"end":{"line":30,"column":47}},"30":{"start":{"line":31,"column":0},"end":{"line":31,"column":62}},"31":{"start":{"line":32,"column":0},"end":{"line":32,"column":22}},"32":{"start":{"line":33,"column":0},"end":{"line":33,"column":34}},"33":{"start":{"line":34,"column":0},"end":{"line":34,"column":99}},"34":{"start":{"line":35,"column":0},"end":{"line":35,"column":33}},"35":{"start":{"line":36,"column":0},"end":{"line":36,"column":70}},"36":{"start":{"line":37,"column":0},"end":{"line":37,"column":20}},"37":{"start":{"line":38,"column":0},"end":{"line":38,"column":67}},"38":{"start":{"line":39,"column":0},"end":{"line":39,"column":123}},"39":{"start":{"line":40,"column":0},"end":{"line":40,"column":24}},"40":{"start":{"line":41,"column":0},"end":{"line":41,"column":73}},"41":{"start":{"line":42,"column":0},"end":{"line":42,"column":66}},"42":{"start":{"line":43,"column":0},"end":{"line":43,"column":25}},"43":{"start":{"line":44,"column":0},"end":{"line":44,"column":73}},"44":{"start":{"line":45,"column":0},"end":{"line":45,"column":49}},"45":{"start":{"line":46,"column":0},"end":{"line":46,"column":25}},"46":{"start":{"line":47,"column":0},"end":{"line":47,"column":123}},"47":{"start":{"line":48,"column":0},"end":{"line":48,"column":9}},"48":{"start":{"line":49,"column":0},"end":{"line":49,"column":5}},"49":{"start":{"line":50,"column":0},"end":{"line":50,"column":0}},"50":{"start":{"line":51,"column":0},"end":{"line":51,"column":42}},"51":{"start":{"line":52,"column":0},"end":{"line":52,"column":65}},"52":{"start":{"line":53,"column":0},"end":{"line":53,"column":5}},"53":{"start":{"line":54,"column":0},"end":{"line":54,"column":0}},"54":{"start":{"line":55,"column":0},"end":{"line":55,"column":98}},"55":{"start":{"line":56,"column":0},"end":{"line":56,"column":49}},"56":{"start":{"line":57,"column":0},"end":{"line":57,"column":62}},"57":{"start":{"line":58,"column":0},"end":{"line":58,"column":30}},"58":{"start":{"line":59,"column":0},"end":{"line":59,"column":68}},"59":{"start":{"line":60,"column":0},"end":{"line":60,"column":47}},"60":{"start":{"line":61,"column":0},"end":{"line":61,"column":38}},"61":{"start":{"line":62,"column":0},"end":{"line":62,"column":14}},"62":{"start":{"line":63,"column":0},"end":{"line":63,"column":10}},"63":{"start":{"line":64,"column":0},"end":{"line":64,"column":5}},"64":{"start":{"line":65,"column":0},"end":{"line":65,"column":0}},"65":{"start":{"line":66,"column":0},"end":{"line":66,"column":38}},"66":{"start":{"line":67,"column":0},"end":{"line":67,"column":49}},"67":{"start":{"line":68,"column":0},"end":{"line":68,"column":56}},"68":{"start":{"line":69,"column":0},"end":{"line":69,"column":47}},"69":{"start":{"line":70,"column":0},"end":{"line":70,"column":38}},"70":{"start":{"line":71,"column":0},"end":{"line":71,"column":14}},"71":{"start":{"line":72,"column":0},"end":{"line":72,"column":10}},"72":{"start":{"line":73,"column":0},"end":{"line":73,"column":5}},"73":{"start":{"line":74,"column":0},"end":{"line":74,"column":0}},"74":{"start":{"line":75,"column":0},"end":{"line":75,"column":87}},"75":{"start":{"line":76,"column":0},"end":{"line":76,"column":49}},"76":{"start":{"line":77,"column":0},"end":{"line":77,"column":62}},"77":{"start":{"line":78,"column":0},"end":{"line":78,"column":47}},"78":{"start":{"line":79,"column":0},"end":{"line":79,"column":38}},"79":{"start":{"line":80,"column":0},"end":{"line":80,"column":14}},"80":{"start":{"line":81,"column":0},"end":{"line":81,"column":10}},"81":{"start":{"line":82,"column":0},"end":{"line":82,"column":5}},"82":{"start":{"line":83,"column":0},"end":{"line":83,"column":0}},"83":{"start":{"line":84,"column":0},"end":{"line":84,"column":36}},"84":{"start":{"line":85,"column":0},"end":{"line":85,"column":49}},"85":{"start":{"line":86,"column":0},"end":{"line":86,"column":24}},"86":{"start":{"line":87,"column":0},"end":{"line":87,"column":44}},"87":{"start":{"line":88,"column":0},"end":{"line":88,"column":52}},"88":{"start":{"line":89,"column":0},"end":{"line":89,"column":47}},"89":{"start":{"line":90,"column":0},"end":{"line":90,"column":47}},"90":{"start":{"line":91,"column":0},"end":{"line":91,"column":18}},"91":{"start":{"line":92,"column":0},"end":{"line":92,"column":10}},"92":{"start":{"line":93,"column":0},"end":{"line":93,"column":5}},"93":{"start":{"line":94,"column":0},"end":{"line":94,"column":0}},"94":{"start":{"line":95,"column":0},"end":{"line":95,"column":71}},"95":{"start":{"line":96,"column":0},"end":{"line":96,"column":52}},"96":{"start":{"line":97,"column":0},"end":{"line":97,"column":27}},"97":{"start":{"line":98,"column":0},"end":{"line":98,"column":10}},"98":{"start":{"line":99,"column":0},"end":{"line":99,"column":49}},"99":{"start":{"line":100,"column":0},"end":{"line":100,"column":65}},"100":{"start":{"line":101,"column":0},"end":{"line":101,"column":44}},"101":{"start":{"line":102,"column":0},"end":{"line":102,"column":36}},"102":{"start":{"line":103,"column":0},"end":{"line":103,"column":14}},"103":{"start":{"line":104,"column":0},"end":{"line":104,"column":10}},"104":{"start":{"line":105,"column":0},"end":{"line":105,"column":5}},"105":{"start":{"line":106,"column":0},"end":{"line":106,"column":1}}},"s":{"0":1,"1":1,"2":1,"3":1,"4":1,"5":1,"6":1,"7":1,"8":1,"9":1,"10":1,"11":1,"12":1,"13":1,"14":1,"15":1,"16":1,"17":15,"18":15,"19":15,"20":15,"21":75,"22":75,"23":15,"24":15,"25":15,"26":1,"27":1,"28":49,"29":49,"30":49,"31":49,"32":49,"33":31,"34":49,"35":8,"36":49,"37":10,"38":10,"39":10,"40":10,"41":10,"42":10,"43":10,"44":10,"45":10,"46":10,"47":49,"48":0,"49":1,"50":1,"51":49,"52":49,"53":1,"54":1,"55":10,"56":10,"57":10,"58":10,"59":10,"60":10,"61":10,"62":10,"63":10,"64":1,"65":1,"66":0,"67":0,"68":0,"69":0,"70":0,"71":0,"72":0,"73":1,"74":1,"75":4,"76":4,"77":4,"78":4,"79":4,"80":4,"81":4,"82":1,"83":1,"84":8,"85":8,"86":8,"87":8,"88":8,"89":8,"90":8,"91":8,"92":8,"93":1,"94":1,"95":31,"96":31,"97":31,"98":31,"99":31,"100":31,"101":0,"102":31,"103":31,"104":31,"105":1},"branchMap":{"0":{"type":"branch","line":4,"loc":{"start":{"line":4,"column":0},"end":{"line":8,"column":1}},"locations":[{"start":{"line":4,"column":0},"end":{"line":8,"column":1}}]},"1":{"type":"branch","line":17,"loc":{"start":{"line":17,"column":4},"end":{"line":26,"column":5}},"locations":[{"start":{"line":17,"column":4},"end":{"line":26,"column":5}}]},"2":{"type":"branch","line":21,"loc":{"start":{"line":21,"column":20},"end":{"line":24,"column":14}},"locations":[{"start":{"line":21,"column":20},"end":{"line":24,"column":14}}]},"3":{"type":"branch","line":28,"loc":{"start":{"line":28,"column":4},"end":{"line":49,"column":5}},"locations":[{"start":{"line":28,"column":4},"end":{"line":49,"column":5}}]},"4":{"type":"branch","line":30,"loc":{"start":{"line":30,"column":30},"end":{"line":30,"column":46}},"locations":[{"start":{"line":30,"column":30},"end":{"line":30,"column":46}}]},"5":{"type":"branch","line":33,"loc":{"start":{"line":33,"column":12},"end":{"line":34,"column":99}},"locations":[{"start":{"line":33,"column":12},"end":{"line":34,"column":99}}]},"6":{"type":"branch","line":35,"loc":{"start":{"line":35,"column":12},"end":{"line":36,"column":70}},"locations":[{"start":{"line":35,"column":12},"end":{"line":36,"column":70}}]},"7":{"type":"branch","line":37,"loc":{"start":{"line":37,"column":12},"end":{"line":47,"column":123}},"locations":[{"start":{"line":37,"column":12},"end":{"line":47,"column":123}}]},"8":{"type":"branch","line":39,"loc":{"start":{"line":39,"column":20},"end":{"line":39,"column":123}},"locations":[{"start":{"line":39,"column":20},"end":{"line":39,"column":123}}]},"9":{"type":"branch","line":40,"loc":{"start":{"line":40,"column":20},"end":{"line":40,"column":24}},"locations":[{"start":{"line":40,"column":20},"end":{"line":40,"column":24}}]},"10":{"type":"branch","line":43,"loc":{"start":{"line":43,"column":20},"end":{"line":43,"column":24}},"locations":[{"start":{"line":43,"column":20},"end":{"line":43,"column":24}}]},"11":{"type":"branch","line":44,"loc":{"start":{"line":44,"column":55},"end":{"line":44,"column":73}},"locations":[{"start":{"line":44,"column":55},"end":{"line":44,"column":73}}]},"12":{"type":"branch","line":45,"loc":{"start":{"line":45,"column":20},"end":{"line":45,"column":49}},"locations":[{"start":{"line":45,"column":20},"end":{"line":45,"column":49}}]},"13":{"type":"branch","line":46,"loc":{"start":{"line":46,"column":20},"end":{"line":46,"column":24}},"locations":[{"start":{"line":46,"column":20},"end":{"line":46,"column":24}}]},"14":{"type":"branch","line":49,"loc":{"start":{"line":49,"column":-2},"end":{"line":49,"column":5}},"locations":[{"start":{"line":49,"column":-2},"end":{"line":49,"column":5}}]},"15":{"type":"branch","line":39,"loc":{"start":{"line":39,"column":41},"end":{"line":39,"column":110}},"locations":[{"start":{"line":39,"column":41},"end":{"line":39,"column":110}}]},"16":{"type":"branch","line":39,"loc":{"start":{"line":39,"column":63},"end":{"line":39,"column":71}},"locations":[{"start":{"line":39,"column":63},"end":{"line":39,"column":71}}]},"17":{"type":"branch","line":39,"loc":{"start":{"line":39,"column":72},"end":{"line":39,"column":76}},"locations":[{"start":{"line":39,"column":72},"end":{"line":39,"column":76}}]},"18":{"type":"branch","line":51,"loc":{"start":{"line":51,"column":4},"end":{"line":53,"column":5}},"locations":[{"start":{"line":51,"column":4},"end":{"line":53,"column":5}}]},"19":{"type":"branch","line":52,"loc":{"start":{"line":52,"column":45},"end":{"line":52,"column":54}},"locations":[{"start":{"line":52,"column":45},"end":{"line":52,"column":54}}]},"20":{"type":"branch","line":55,"loc":{"start":{"line":55,"column":4},"end":{"line":64,"column":5}},"locations":[{"start":{"line":55,"column":4},"end":{"line":64,"column":5}}]},"21":{"type":"branch","line":56,"loc":{"start":{"line":56,"column":27},"end":{"line":63,"column":9}},"locations":[{"start":{"line":56,"column":27},"end":{"line":63,"column":9}}]},"22":{"type":"branch","line":59,"loc":{"start":{"line":59,"column":43},"end":{"line":62,"column":13}},"locations":[{"start":{"line":59,"column":43},"end":{"line":62,"column":13}}]},"23":{"type":"branch","line":60,"loc":{"start":{"line":60,"column":27},"end":{"line":60,"column":47}},"locations":[{"start":{"line":60,"column":27},"end":{"line":60,"column":47}}]},"24":{"type":"branch","line":75,"loc":{"start":{"line":75,"column":4},"end":{"line":82,"column":5}},"locations":[{"start":{"line":75,"column":4},"end":{"line":82,"column":5}}]},"25":{"type":"branch","line":76,"loc":{"start":{"line":76,"column":27},"end":{"line":81,"column":9}},"locations":[{"start":{"line":76,"column":27},"end":{"line":81,"column":9}}]},"26":{"type":"branch","line":77,"loc":{"start":{"line":77,"column":39},"end":{"line":80,"column":13}},"locations":[{"start":{"line":77,"column":39},"end":{"line":80,"column":13}}]},"27":{"type":"branch","line":78,"loc":{"start":{"line":78,"column":27},"end":{"line":78,"column":47}},"locations":[{"start":{"line":78,"column":27},"end":{"line":78,"column":47}}]},"28":{"type":"branch","line":84,"loc":{"start":{"line":84,"column":10},"end":{"line":93,"column":5}},"locations":[{"start":{"line":84,"column":10},"end":{"line":93,"column":5}}]},"29":{"type":"branch","line":85,"loc":{"start":{"line":85,"column":27},"end":{"line":92,"column":9}},"locations":[{"start":{"line":85,"column":27},"end":{"line":92,"column":9}}]},"30":{"type":"branch","line":88,"loc":{"start":{"line":88,"column":16},"end":{"line":91,"column":17}},"locations":[{"start":{"line":88,"column":16},"end":{"line":91,"column":17}}]},"31":{"type":"branch","line":89,"loc":{"start":{"line":89,"column":29},"end":{"line":89,"column":47}},"locations":[{"start":{"line":89,"column":29},"end":{"line":89,"column":47}}]},"32":{"type":"branch","line":95,"loc":{"start":{"line":95,"column":10},"end":{"line":105,"column":5}},"locations":[{"start":{"line":95,"column":10},"end":{"line":105,"column":5}}]},"33":{"type":"branch","line":99,"loc":{"start":{"line":99,"column":27},"end":{"line":104,"column":9}},"locations":[{"start":{"line":99,"column":27},"end":{"line":104,"column":9}}]},"34":{"type":"branch","line":100,"loc":{"start":{"line":100,"column":39},"end":{"line":103,"column":13}},"locations":[{"start":{"line":100,"column":39},"end":{"line":103,"column":13}}]},"35":{"type":"branch","line":102,"loc":{"start":{"line":102,"column":-2},"end":{"line":103,"column":13}},"locations":[{"start":{"line":102,"column":-2},"end":{"line":103,"column":13}}]}},"b":{"0":[1],"1":[15],"2":[75],"3":[49],"4":[39],"5":[31],"6":[8],"7":[10],"8":[4],"9":[6],"10":[0],"11":[2],"12":[2],"13":[8],"14":[0],"15":[5],"16":[1],"17":[4],"18":[49],"19":[209],"20":[10],"21":[10],"22":[10],"23":[0],"24":[4],"25":[4],"26":[4],"27":[0],"28":[8],"29":[8],"30":[8],"31":[0],"32":[31],"33":[31],"34":[31],"35":[0]},"fnMap":{"0":{"name":"DbTable","decl":{"start":{"line":17,"column":4},"end":{"line":26,"column":5}},"loc":{"start":{"line":17,"column":4},"end":{"line":26,"column":5}},"line":17},"1":{"name":"query","decl":{"start":{"line":28,"column":4},"end":{"line":49,"column":5}},"loc":{"start":{"line":28,"column":4},"end":{"line":49,"column":5}},"line":28},"2":{"name":"placeholders","decl":{"start":{"line":51,"column":4},"end":{"line":53,"column":5}},"loc":{"start":{"line":51,"column":4},"end":{"line":53,"column":5}},"line":51},"3":{"name":"all","decl":{"start":{"line":55,"column":4},"end":{"line":64,"column":5}},"loc":{"start":{"line":55,"column":4},"end":{"line":64,"column":5}},"line":55},"4":{"name":"one","decl":{"start":{"line":66,"column":4},"end":{"line":73,"column":5}},"loc":{"start":{"line":66,"column":4},"end":{"line":73,"column":5}},"line":66},"5":{"name":"exec","decl":{"start":{"line":75,"column":4},"end":{"line":82,"column":5}},"loc":{"start":{"line":75,"column":4},"end":{"line":82,"column":5}},"line":75},"6":{"name":"count","decl":{"start":{"line":84,"column":10},"end":{"line":93,"column":5}},"loc":{"start":{"line":84,"column":10},"end":{"line":93,"column":5}},"line":84},"7":{"name":"insert","decl":{"start":{"line":95,"column":10},"end":{"line":105,"column":5}},"loc":{"start":{"line":95,"column":10},"end":{"line":105,"column":5}},"line":95}},"f":{"0":15,"1":49,"2":49,"3":10,"4":0,"5":4,"6":8,"7":31}}
,"J:\\APPS\\CLIENT\\texoit\\api\\src\\services\\movies.init.service.ts": {"path":"J:\\APPS\\CLIENT\\texoit\\api\\src\\services\\movies.init.service.ts","all":false,"statementMap":{"0":{"start":{"line":1,"column":0},"end":{"line":1,"column":43}},"1":{"start":{"line":2,"column":0},"end":{"line":2,"column":43}},"2":{"start":{"line":3,"column":0},"end":{"line":3,"column":40}},"3":{"start":{"line":4,"column":0},"end":{"line":4,"column":0}},"4":{"start":{"line":5,"column":0},"end":{"line":5,"column":88}},"5":{"start":{"line":6,"column":0},"end":{"line":6,"column":35}},"6":{"start":{"line":7,"column":0},"end":{"line":7,"column":54}},"7":{"start":{"line":8,"column":0},"end":{"line":8,"column":0}},"8":{"start":{"line":9,"column":0},"end":{"line":9,"column":15}},"9":{"start":{"line":10,"column":0},"end":{"line":10,"column":25}},"10":{"start":{"line":11,"column":0},"end":{"line":11,"column":32}},"11":{"start":{"line":12,"column":0},"end":{"line":12,"column":0}},"12":{"start":{"line":13,"column":0},"end":{"line":13,"column":46}},"13":{"start":{"line":14,"column":0},"end":{"line":14,"column":46}},"14":{"start":{"line":15,"column":0},"end":{"line":15,"column":51}},"15":{"start":{"line":16,"column":0},"end":{"line":16,"column":44}},"16":{"start":{"line":17,"column":0},"end":{"line":17,"column":27}},"17":{"start":{"line":18,"column":0},"end":{"line":18,"column":55}},"18":{"start":{"line":19,"column":0},"end":{"line":19,"column":26}},"19":{"start":{"line":20,"column":0},"end":{"line":20,"column":65}},"20":{"start":{"line":21,"column":0},"end":{"line":21,"column":23}},"21":{"start":{"line":22,"column":0},"end":{"line":22,"column":0}},"22":{"start":{"line":23,"column":0},"end":{"line":23,"column":56}},"23":{"start":{"line":24,"column":0},"end":{"line":24,"column":47}},"24":{"start":{"line":25,"column":0},"end":{"line":25,"column":53}},"25":{"start":{"line":26,"column":0},"end":{"line":26,"column":40}},"26":{"start":{"line":27,"column":0},"end":{"line":27,"column":30}},"27":{"start":{"line":28,"column":0},"end":{"line":28,"column":34}},"28":{"start":{"line":29,"column":0},"end":{"line":29,"column":13}},"29":{"start":{"line":30,"column":0},"end":{"line":30,"column":10}},"30":{"start":{"line":31,"column":0},"end":{"line":31,"column":5}},"31":{"start":{"line":32,"column":0},"end":{"line":32,"column":0}},"32":{"start":{"line":33,"column":0},"end":{"line":33,"column":25}},"33":{"start":{"line":34,"column":0},"end":{"line":34,"column":1}}},"s":{"0":1,"1":1,"2":1,"3":1,"4":1,"5":1,"6":1,"7":1,"8":1,"9":1,"10":1,"11":1,"12":1,"13":31,"14":31,"15":31,"16":31,"17":31,"18":31,"19":31,"20":31,"21":31,"22":31,"23":31,"24":31,"25":31,"26":31,"27":31,"28":31,"29":31,"30":1,"31":1,"32":1,"33":1},"branchMap":{"0":{"type":"branch","line":5,"loc":{"start":{"line":5,"column":0},"end":{"line":34,"column":1}},"locations":[{"start":{"line":5,"column":0},"end":{"line":34,"column":1}}]},"1":{"type":"branch","line":5,"loc":{"start":{"line":5,"column":34},"end":{"line":34,"column":1}},"locations":[{"start":{"line":5,"column":34},"end":{"line":34,"column":1}}]},"2":{"type":"branch","line":13,"loc":{"start":{"line":13,"column":24},"end":{"line":30,"column":10}},"locations":[{"start":{"line":13,"column":24},"end":{"line":30,"column":10}}]},"3":{"type":"branch","line":13,"loc":{"start":{"line":13,"column":44},"end":{"line":30,"column":9}},"locations":[{"start":{"line":13,"column":44},"end":{"line":30,"column":9}}]},"4":{"type":"branch","line":18,"loc":{"start":{"line":18,"column":24},"end":{"line":21,"column":18}},"locations":[{"start":{"line":18,"column":24},"end":{"line":21,"column":18}}]},"5":{"type":"branch","line":20,"loc":{"start":{"line":20,"column":51},"end":{"line":20,"column":64}},"locations":[{"start":{"line":20,"column":51},"end":{"line":20,"column":64}}]}},"b":{"0":[1],"1":[1],"2":[31],"3":[31],"4":[31],"5":[31]},"fnMap":{"0":{"name":"moviewsInit","decl":{"start":{"line":5,"column":0},"end":{"line":34,"column":1}},"loc":{"start":{"line":5,"column":0},"end":{"line":34,"column":1}},"line":5}},"f":{"0":1}}
,"J:\\APPS\\CLIENT\\texoit\\api\\src\\services\\range.service.ts": {"path":"J:\\APPS\\CLIENT\\texoit\\api\\src\\services\\range.service.ts","all":false,"statementMap":{"0":{"start":{"line":1,"column":0},"end":{"line":1,"column":36}},"1":{"start":{"line":2,"column":0},"end":{"line":2,"column":44}},"2":{"start":{"line":3,"column":0},"end":{"line":3,"column":0}},"3":{"start":{"line":4,"column":0},"end":{"line":4,"column":45}},"4":{"start":{"line":5,"column":0},"end":{"line":5,"column":12}},"5":{"start":{"line":6,"column":0},"end":{"line":6,"column":24}},"6":{"start":{"line":7,"column":0},"end":{"line":7,"column":19}},"7":{"start":{"line":8,"column":0},"end":{"line":8,"column":90}},"8":{"start":{"line":9,"column":0},"end":{"line":9,"column":17}},"9":{"start":{"line":10,"column":0},"end":{"line":10,"column":22}},"10":{"start":{"line":11,"column":0},"end":{"line":11,"column":17}},"11":{"start":{"line":12,"column":0},"end":{"line":12,"column":30}},"12":{"start":{"line":13,"column":0},"end":{"line":13,"column":21}},"13":{"start":{"line":14,"column":0},"end":{"line":14,"column":28}},"14":{"start":{"line":15,"column":0},"end":{"line":15,"column":13}},"15":{"start":{"line":16,"column":0},"end":{"line":16,"column":18}},"16":{"start":{"line":17,"column":0},"end":{"line":17,"column":56}},"17":{"start":{"line":18,"column":0},"end":{"line":18,"column":23}},"18":{"start":{"line":19,"column":0},"end":{"line":19,"column":21}},"19":{"start":{"line":20,"column":0},"end":{"line":20,"column":37}},"20":{"start":{"line":21,"column":0},"end":{"line":21,"column":0}},"21":{"start":{"line":22,"column":0},"end":{"line":22,"column":1}},"22":{"start":{"line":23,"column":0},"end":{"line":23,"column":0}},"23":{"start":{"line":24,"column":0},"end":{"line":24,"column":60}},"24":{"start":{"line":25,"column":0},"end":{"line":25,"column":35}},"25":{"start":{"line":26,"column":0},"end":{"line":26,"column":0}},"26":{"start":{"line":27,"column":0},"end":{"line":27,"column":9}},"27":{"start":{"line":28,"column":0},"end":{"line":28,"column":82}},"28":{"start":{"line":29,"column":0},"end":{"line":29,"column":33}},"29":{"start":{"line":30,"column":0},"end":{"line":30,"column":16}},"30":{"start":{"line":31,"column":0},"end":{"line":31,"column":24}},"31":{"start":{"line":32,"column":0},"end":{"line":32,"column":60}},"32":{"start":{"line":33,"column":0},"end":{"line":33,"column":5}},"33":{"start":{"line":34,"column":0},"end":{"line":34,"column":1}},"34":{"start":{"line":35,"column":0},"end":{"line":35,"column":0}},"35":{"start":{"line":36,"column":0},"end":{"line":36,"column":61}},"36":{"start":{"line":37,"column":0},"end":{"line":37,"column":35}},"37":{"start":{"line":38,"column":0},"end":{"line":38,"column":9}},"38":{"start":{"line":39,"column":0},"end":{"line":39,"column":82}},"39":{"start":{"line":40,"column":0},"end":{"line":40,"column":33}},"40":{"start":{"line":41,"column":0},"end":{"line":41,"column":16}},"41":{"start":{"line":42,"column":0},"end":{"line":42,"column":24}},"42":{"start":{"line":43,"column":0},"end":{"line":43,"column":61}},"43":{"start":{"line":44,"column":0},"end":{"line":44,"column":5}},"44":{"start":{"line":45,"column":0},"end":{"line":45,"column":1}},"45":{"start":{"line":46,"column":0},"end":{"line":46,"column":0}},"46":{"start":{"line":47,"column":0},"end":{"line":47,"column":47}},"47":{"start":{"line":48,"column":0},"end":{"line":48,"column":19}},"48":{"start":{"line":49,"column":0},"end":{"line":49,"column":19}},"49":{"start":{"line":50,"column":0},"end":{"line":50,"column":19}},"50":{"start":{"line":51,"column":0},"end":{"line":51,"column":20}},"51":{"start":{"line":52,"column":0},"end":{"line":52,"column":27}},"52":{"start":{"line":53,"column":0},"end":{"line":53,"column":85}},"53":{"start":{"line":54,"column":0},"end":{"line":54,"column":38}},"54":{"start":{"line":55,"column":0},"end":{"line":55,"column":90}},"55":{"start":{"line":56,"column":0},"end":{"line":56,"column":17}},"56":{"start":{"line":57,"column":0},"end":{"line":57,"column":22}},"57":{"start":{"line":58,"column":0},"end":{"line":58,"column":17}},"58":{"start":{"line":59,"column":0},"end":{"line":59,"column":30}},"59":{"start":{"line":60,"column":0},"end":{"line":60,"column":21}},"60":{"start":{"line":61,"column":0},"end":{"line":61,"column":29}},"61":{"start":{"line":62,"column":0},"end":{"line":62,"column":13}},"62":{"start":{"line":63,"column":0},"end":{"line":63,"column":18}},"63":{"start":{"line":64,"column":0},"end":{"line":64,"column":14}},"64":{"start":{"line":65,"column":0},"end":{"line":65,"column":14}},"65":{"start":{"line":66,"column":0},"end":{"line":66,"column":26}},"66":{"start":{"line":67,"column":0},"end":{"line":67,"column":17}},"67":{"start":{"line":68,"column":0},"end":{"line":68,"column":29}},"68":{"start":{"line":69,"column":0},"end":{"line":69,"column":0}},"69":{"start":{"line":70,"column":0},"end":{"line":70,"column":35}},"70":{"start":{"line":71,"column":0},"end":{"line":71,"column":0}},"71":{"start":{"line":72,"column":0},"end":{"line":72,"column":9}},"72":{"start":{"line":73,"column":0},"end":{"line":73,"column":57}},"73":{"start":{"line":74,"column":0},"end":{"line":74,"column":16}},"74":{"start":{"line":75,"column":0},"end":{"line":75,"column":24}},"75":{"start":{"line":76,"column":0},"end":{"line":76,"column":49}},"76":{"start":{"line":77,"column":0},"end":{"line":77,"column":5}},"77":{"start":{"line":78,"column":0},"end":{"line":78,"column":1}}},"s":{"0":1,"1":1,"2":1,"3":2,"4":2,"5":2,"6":2,"7":2,"8":2,"9":2,"10":2,"11":2,"12":2,"13":2,"14":2,"15":2,"16":2,"17":2,"18":2,"19":2,"20":2,"21":2,"22":1,"23":1,"24":1,"25":1,"26":1,"27":1,"28":1,"29":1,"30":0,"31":0,"32":0,"33":1,"34":1,"35":1,"36":1,"37":1,"38":1,"39":1,"40":1,"41":0,"42":0,"43":0,"44":1,"45":1,"46":2,"47":2,"48":2,"49":2,"50":2,"51":2,"52":2,"53":2,"54":2,"55":2,"56":2,"57":2,"58":2,"59":2,"60":2,"61":2,"62":2,"63":2,"64":2,"65":2,"66":2,"67":2,"68":2,"69":2,"70":2,"71":2,"72":2,"73":2,"74":0,"75":0,"76":0,"77":2},"branchMap":{"0":{"type":"branch","line":4,"loc":{"start":{"line":4,"column":0},"end":{"line":22,"column":1}},"locations":[{"start":{"line":4,"column":0},"end":{"line":22,"column":1}}]},"1":{"type":"branch","line":24,"loc":{"start":{"line":24,"column":0},"end":{"line":34,"column":1}},"locations":[{"start":{"line":24,"column":0},"end":{"line":34,"column":1}}]},"2":{"type":"branch","line":30,"loc":{"start":{"line":30,"column":6},"end":{"line":33,"column":5}},"locations":[{"start":{"line":30,"column":6},"end":{"line":33,"column":5}}]},"3":{"type":"branch","line":36,"loc":{"start":{"line":36,"column":0},"end":{"line":45,"column":1}},"locations":[{"start":{"line":36,"column":0},"end":{"line":45,"column":1}}]},"4":{"type":"branch","line":41,"loc":{"start":{"line":41,"column":6},"end":{"line":44,"column":5}},"locations":[{"start":{"line":41,"column":6},"end":{"line":44,"column":5}}]},"5":{"type":"branch","line":47,"loc":{"start":{"line":47,"column":0},"end":{"line":78,"column":1}},"locations":[{"start":{"line":47,"column":0},"end":{"line":78,"column":1}}]},"6":{"type":"branch","line":74,"loc":{"start":{"line":74,"column":6},"end":{"line":77,"column":5}},"locations":[{"start":{"line":74,"column":6},"end":{"line":77,"column":5}}]}},"b":{"0":[2],"1":[1],"2":[0],"3":[1],"4":[0],"5":[2],"6":[0]},"fnMap":{"0":{"name":"adgeQuery","decl":{"start":{"line":4,"column":0},"end":{"line":22,"column":1}},"loc":{"start":{"line":4,"column":0},"end":{"line":22,"column":1}},"line":4},"1":{"name":"getLowestInterval","decl":{"start":{"line":24,"column":0},"end":{"line":34,"column":1}},"loc":{"start":{"line":24,"column":0},"end":{"line":34,"column":1}},"line":24},"2":{"name":"getHighestInterval","decl":{"start":{"line":36,"column":0},"end":{"line":45,"column":1}},"loc":{"start":{"line":36,"column":0},"end":{"line":45,"column":1}},"line":36},"3":{"name":"getInterval","decl":{"start":{"line":47,"column":0},"end":{"line":78,"column":1}},"loc":{"start":{"line":47,"column":0},"end":{"line":78,"column":1}},"line":47}},"f":{"0":2,"1":1,"2":1,"3":2}}
,"J:\\APPS\\CLIENT\\texoit\\api\\src\\services\\seed.service.ts": {"path":"J:\\APPS\\CLIENT\\texoit\\api\\src\\services\\seed.service.ts","all":false,"statementMap":{"0":{"start":{"line":1,"column":0},"end":{"line":1,"column":40}},"1":{"start":{"line":2,"column":0},"end":{"line":2,"column":36}},"2":{"start":{"line":3,"column":0},"end":{"line":3,"column":24}},"3":{"start":{"line":4,"column":0},"end":{"line":4,"column":32}},"4":{"start":{"line":5,"column":0},"end":{"line":5,"column":43}},"5":{"start":{"line":6,"column":0},"end":{"line":6,"column":0}},"6":{"start":{"line":7,"column":0},"end":{"line":7,"column":29}},"7":{"start":{"line":8,"column":0},"end":{"line":8,"column":17}},"8":{"start":{"line":9,"column":0},"end":{"line":9,"column":22}},"9":{"start":{"line":10,"column":0},"end":{"line":10,"column":16}},"10":{"start":{"line":11,"column":0},"end":{"line":11,"column":0}},"11":{"start":{"line":12,"column":0},"end":{"line":12,"column":54}},"12":{"start":{"line":13,"column":0},"end":{"line":13,"column":64}},"13":{"start":{"line":14,"column":0},"end":{"line":14,"column":27}},"14":{"start":{"line":15,"column":0},"end":{"line":15,"column":5}},"15":{"start":{"line":16,"column":0},"end":{"line":16,"column":0}},"16":{"start":{"line":17,"column":0},"end":{"line":17,"column":27}},"17":{"start":{"line":18,"column":0},"end":{"line":18,"column":49}},"18":{"start":{"line":19,"column":0},"end":{"line":19,"column":73}},"19":{"start":{"line":20,"column":0},"end":{"line":20,"column":47}},"20":{"start":{"line":21,"column":0},"end":{"line":21,"column":32}},"21":{"start":{"line":22,"column":0},"end":{"line":22,"column":14}},"22":{"start":{"line":23,"column":0},"end":{"line":23,"column":10}},"23":{"start":{"line":24,"column":0},"end":{"line":24,"column":5}},"24":{"start":{"line":25,"column":0},"end":{"line":25,"column":0}},"25":{"start":{"line":26,"column":0},"end":{"line":26,"column":34}},"26":{"start":{"line":27,"column":0},"end":{"line":27,"column":49}},"27":{"start":{"line":28,"column":0},"end":{"line":28,"column":47}},"28":{"start":{"line":29,"column":0},"end":{"line":29,"column":0}},"29":{"start":{"line":30,"column":0},"end":{"line":30,"column":43}},"30":{"start":{"line":31,"column":0},"end":{"line":31,"column":35}},"31":{"start":{"line":32,"column":0},"end":{"line":32,"column":56}},"32":{"start":{"line":33,"column":0},"end":{"line":33,"column":0}},"33":{"start":{"line":34,"column":0},"end":{"line":34,"column":31}},"34":{"start":{"line":35,"column":0},"end":{"line":35,"column":55}},"35":{"start":{"line":36,"column":0},"end":{"line":36,"column":47}},"36":{"start":{"line":37,"column":0},"end":{"line":37,"column":38}},"37":{"start":{"line":38,"column":0},"end":{"line":38,"column":22}},"38":{"start":{"line":39,"column":0},"end":{"line":39,"column":0}},"39":{"start":{"line":40,"column":0},"end":{"line":40,"column":55}},"40":{"start":{"line":41,"column":0},"end":{"line":41,"column":33}},"41":{"start":{"line":42,"column":0},"end":{"line":42,"column":67}},"42":{"start":{"line":43,"column":0},"end":{"line":43,"column":0}},"43":{"start":{"line":44,"column":0},"end":{"line":44,"column":40}},"44":{"start":{"line":45,"column":0},"end":{"line":45,"column":21}},"45":{"start":{"line":46,"column":0},"end":{"line":46,"column":0}},"46":{"start":{"line":47,"column":0},"end":{"line":47,"column":48}},"47":{"start":{"line":48,"column":0},"end":{"line":48,"column":0}},"48":{"start":{"line":49,"column":0},"end":{"line":49,"column":40}},"49":{"start":{"line":50,"column":0},"end":{"line":50,"column":17}},"50":{"start":{"line":51,"column":0},"end":{"line":51,"column":0}},"51":{"start":{"line":52,"column":0},"end":{"line":52,"column":53}},"52":{"start":{"line":53,"column":0},"end":{"line":53,"column":14}},"53":{"start":{"line":54,"column":0},"end":{"line":54,"column":10}},"54":{"start":{"line":55,"column":0},"end":{"line":55,"column":5}},"55":{"start":{"line":56,"column":0},"end":{"line":56,"column":0}},"56":{"start":{"line":57,"column":0},"end":{"line":57,"column":24}},"57":{"start":{"line":58,"column":0},"end":{"line":58,"column":66}},"58":{"start":{"line":59,"column":0},"end":{"line":59,"column":5}},"59":{"start":{"line":60,"column":0},"end":{"line":60,"column":0}},"60":{"start":{"line":61,"column":0},"end":{"line":61,"column":20}},"61":{"start":{"line":62,"column":0},"end":{"line":62,"column":42}},"62":{"start":{"line":63,"column":0},"end":{"line":63,"column":42}},"63":{"start":{"line":64,"column":0},"end":{"line":64,"column":5}},"64":{"start":{"line":65,"column":0},"end":{"line":65,"column":0}},"65":{"start":{"line":66,"column":0},"end":{"line":66,"column":95}},"66":{"start":{"line":67,"column":0},"end":{"line":67,"column":59}},"67":{"start":{"line":68,"column":0},"end":{"line":68,"column":0}},"68":{"start":{"line":69,"column":0},"end":{"line":69,"column":35}},"69":{"start":{"line":70,"column":0},"end":{"line":70,"column":0}},"70":{"start":{"line":71,"column":0},"end":{"line":71,"column":49}},"71":{"start":{"line":72,"column":0},"end":{"line":72,"column":46}},"72":{"start":{"line":73,"column":0},"end":{"line":73,"column":0}},"73":{"start":{"line":74,"column":0},"end":{"line":74,"column":18}},"74":{"start":{"line":75,"column":0},"end":{"line":75,"column":45}},"75":{"start":{"line":76,"column":0},"end":{"line":76,"column":28}},"76":{"start":{"line":77,"column":0},"end":{"line":77,"column":33}},"77":{"start":{"line":78,"column":0},"end":{"line":78,"column":0}},"78":{"start":{"line":79,"column":0},"end":{"line":79,"column":60}},"79":{"start":{"line":80,"column":0},"end":{"line":80,"column":29}},"80":{"start":{"line":81,"column":0},"end":{"line":81,"column":41}},"81":{"start":{"line":82,"column":0},"end":{"line":82,"column":40}},"82":{"start":{"line":83,"column":0},"end":{"line":83,"column":41}},"83":{"start":{"line":84,"column":0},"end":{"line":84,"column":29}},"84":{"start":{"line":85,"column":0},"end":{"line":85,"column":0}},"85":{"start":{"line":86,"column":0},"end":{"line":86,"column":57}},"86":{"start":{"line":87,"column":0},"end":{"line":87,"column":0}},"87":{"start":{"line":88,"column":0},"end":{"line":88,"column":62}},"88":{"start":{"line":89,"column":0},"end":{"line":89,"column":54}},"89":{"start":{"line":90,"column":0},"end":{"line":90,"column":36}},"90":{"start":{"line":91,"column":0},"end":{"line":91,"column":60}},"91":{"start":{"line":92,"column":0},"end":{"line":92,"column":46}},"92":{"start":{"line":93,"column":0},"end":{"line":93,"column":62}},"93":{"start":{"line":94,"column":0},"end":{"line":94,"column":29}},"94":{"start":{"line":95,"column":0},"end":{"line":95,"column":36}},"95":{"start":{"line":96,"column":0},"end":{"line":96,"column":44}},"96":{"start":{"line":97,"column":0},"end":{"line":97,"column":35}},"97":{"start":{"line":98,"column":0},"end":{"line":98,"column":25}},"98":{"start":{"line":99,"column":0},"end":{"line":99,"column":0}},"99":{"start":{"line":100,"column":0},"end":{"line":100,"column":31}},"100":{"start":{"line":101,"column":0},"end":{"line":101,"column":21}},"101":{"start":{"line":102,"column":0},"end":{"line":102,"column":18}},"102":{"start":{"line":103,"column":0},"end":{"line":103,"column":47}},"103":{"start":{"line":104,"column":0},"end":{"line":104,"column":36}},"104":{"start":{"line":105,"column":0},"end":{"line":105,"column":10}},"105":{"start":{"line":106,"column":0},"end":{"line":106,"column":5}},"106":{"start":{"line":107,"column":0},"end":{"line":107,"column":1}}},"s":{"0":1,"1":1,"2":1,"3":1,"4":1,"5":1,"6":1,"7":1,"8":1,"9":1,"10":1,"11":1,"12":1,"13":1,"14":1,"15":1,"16":1,"17":1,"18":1,"19":1,"20":1,"21":1,"22":1,"23":1,"24":1,"25":1,"26":1,"27":1,"28":1,"29":1,"30":1,"31":1,"32":1,"33":1,"34":1,"35":1,"36":1,"37":1,"38":1,"39":1,"40":1,"41":1,"42":1,"43":1,"44":1,"45":0,"46":0,"47":0,"48":0,"49":0,"50":1,"51":1,"52":1,"53":1,"54":1,"55":1,"56":1,"57":31,"58":31,"59":1,"60":1,"61":1,"62":1,"63":1,"64":1,"65":1,"66":1,"67":1,"68":1,"69":1,"70":1,"71":1,"72":1,"73":1,"74":1,"75":2,"76":2,"77":2,"78":2,"79":33,"80":33,"81":2,"82":2,"83":2,"84":31,"85":31,"86":31,"87":31,"88":31,"89":33,"90":0,"91":0,"92":0,"93":0,"94":33,"95":0,"96":0,"97":0,"98":31,"99":31,"100":31,"101":2,"102":1,"103":1,"104":1,"105":1,"106":1},"branchMap":{"0":{"type":"branch","line":12,"loc":{"start":{"line":12,"column":4},"end":{"line":15,"column":5}},"locations":[{"start":{"line":12,"column":4},"end":{"line":15,"column":5}}]},"1":{"type":"branch","line":17,"loc":{"start":{"line":17,"column":4},"end":{"line":24,"column":5}},"locations":[{"start":{"line":17,"column":4},"end":{"line":24,"column":5}}]},"2":{"type":"branch","line":18,"loc":{"start":{"line":18,"column":27},"end":{"line":23,"column":9}},"locations":[{"start":{"line":18,"column":27},"end":{"line":23,"column":9}}]},"3":{"type":"branch","line":19,"loc":{"start":{"line":19,"column":61},"end":{"line":22,"column":13}},"locations":[{"start":{"line":19,"column":61},"end":{"line":22,"column":13}}]},"4":{"type":"branch","line":20,"loc":{"start":{"line":20,"column":27},"end":{"line":20,"column":47}},"locations":[{"start":{"line":20,"column":27},"end":{"line":20,"column":47}}]},"5":{"type":"branch","line":26,"loc":{"start":{"line":26,"column":4},"end":{"line":55,"column":5}},"locations":[{"start":{"line":26,"column":4},"end":{"line":55,"column":5}}]},"6":{"type":"branch","line":27,"loc":{"start":{"line":27,"column":27},"end":{"line":54,"column":9}},"locations":[{"start":{"line":27,"column":27},"end":{"line":54,"column":9}}]},"7":{"type":"branch","line":30,"loc":{"start":{"line":30,"column":36},"end":{"line":53,"column":13}},"locations":[{"start":{"line":30,"column":36},"end":{"line":53,"column":13}}]},"8":{"type":"branch","line":40,"loc":{"start":{"line":40,"column":35},"end":{"line":50,"column":17}},"locations":[{"start":{"line":40,"column":35},"end":{"line":50,"column":17}}]},"9":{"type":"branch","line":46,"loc":{"start":{"line":46,"column":-2},"end":{"line":50,"column":17}},"locations":[{"start":{"line":46,"column":-2},"end":{"line":50,"column":17}}]},"10":{"type":"branch","line":57,"loc":{"start":{"line":57,"column":4},"end":{"line":59,"column":5}},"locations":[{"start":{"line":57,"column":4},"end":{"line":59,"column":5}}]},"11":{"type":"branch","line":58,"loc":{"start":{"line":58,"column":27},"end":{"line":58,"column":65}},"locations":[{"start":{"line":58,"column":27},"end":{"line":58,"column":65}}]},"12":{"type":"branch","line":61,"loc":{"start":{"line":61,"column":4},"end":{"line":64,"column":5}},"locations":[{"start":{"line":61,"column":4},"end":{"line":64,"column":5}}]},"13":{"type":"branch","line":66,"loc":{"start":{"line":66,"column":10},"end":{"line":106,"column":5}},"locations":[{"start":{"line":66,"column":10},"end":{"line":106,"column":5}}]},"14":{"type":"branch","line":71,"loc":{"start":{"line":71,"column":27},"end":{"line":105,"column":9}},"locations":[{"start":{"line":71,"column":27},"end":{"line":105,"column":9}}]},"15":{"type":"branch","line":75,"loc":{"start":{"line":75,"column":32},"end":{"line":102,"column":18}},"locations":[{"start":{"line":75,"column":32},"end":{"line":102,"column":18}}]},"16":{"type":"branch","line":75,"loc":{"start":{"line":75,"column":43},"end":{"line":102,"column":17}},"locations":[{"start":{"line":75,"column":43},"end":{"line":102,"column":17}}]},"17":{"type":"branch","line":79,"loc":{"start":{"line":79,"column":59},"end":{"line":101,"column":21}},"locations":[{"start":{"line":79,"column":59},"end":{"line":101,"column":21}}]},"18":{"type":"branch","line":81,"loc":{"start":{"line":81,"column":40},"end":{"line":84,"column":29}},"locations":[{"start":{"line":81,"column":40},"end":{"line":84,"column":29}}]},"19":{"type":"branch","line":85,"loc":{"start":{"line":85,"column":-2},"end":{"line":90,"column":29}},"locations":[{"start":{"line":85,"column":-2},"end":{"line":90,"column":29}}]},"20":{"type":"branch","line":90,"loc":{"start":{"line":90,"column":29},"end":{"line":94,"column":29}},"locations":[{"start":{"line":90,"column":29},"end":{"line":94,"column":29}}]},"21":{"type":"branch","line":95,"loc":{"start":{"line":95,"column":26},"end":{"line":98,"column":25}},"locations":[{"start":{"line":95,"column":26},"end":{"line":98,"column":25}}]},"22":{"type":"branch","line":99,"loc":{"start":{"line":99,"column":-2},"end":{"line":101,"column":21}},"locations":[{"start":{"line":99,"column":-2},"end":{"line":101,"column":21}}]},"23":{"type":"branch","line":103,"loc":{"start":{"line":103,"column":27},"end":{"line":103,"column":46}},"locations":[{"start":{"line":103,"column":27},"end":{"line":103,"column":46}}]}},"b":{"0":[1],"1":[1],"2":[1],"3":[1],"4":[0],"5":[1],"6":[1],"7":[1],"8":[1],"9":[0],"10":[31],"11":[31],"12":[1],"13":[1],"14":[1],"15":[2],"16":[2],"17":[33],"18":[2],"19":[31],"20":[0],"21":[0],"22":[31],"23":[1]},"fnMap":{"0":{"name":"SeedService","decl":{"start":{"line":12,"column":4},"end":{"line":15,"column":5}},"loc":{"start":{"line":12,"column":4},"end":{"line":15,"column":5}},"line":12},"1":{"name":"drop","decl":{"start":{"line":17,"column":4},"end":{"line":24,"column":5}},"loc":{"start":{"line":17,"column":4},"end":{"line":24,"column":5}},"line":17},"2":{"name":"createTable","decl":{"start":{"line":26,"column":4},"end":{"line":55,"column":5}},"loc":{"start":{"line":26,"column":4},"end":{"line":55,"column":5}},"line":26},"3":{"name":"onResponse","decl":{"start":{"line":40,"column":35},"end":{"line":50,"column":17}},"loc":{"start":{"line":40,"column":35},"end":{"line":50,"column":17}},"line":40},"4":{"name":"wait","decl":{"start":{"line":57,"column":4},"end":{"line":59,"column":5}},"loc":{"start":{"line":57,"column":4},"end":{"line":59,"column":5}},"line":57},"5":{"name":"createParser","decl":{"start":{"line":61,"column":4},"end":{"line":64,"column":5}},"loc":{"start":{"line":61,"column":4},"end":{"line":64,"column":5}},"line":61},"6":{"name":"seed","decl":{"start":{"line":66,"column":10},"end":{"line":106,"column":5}},"loc":{"start":{"line":66,"column":10},"end":{"line":106,"column":5}},"line":66}},"f":{"0":1,"1":1,"2":1,"3":1,"4":31,"5":1,"6":1}}
,"J:\\APPS\\CLIENT\\texoit\\api\\src\\services\\spinner.service.ts": {"path":"J:\\APPS\\CLIENT\\texoit\\api\\src\\services\\spinner.service.ts","all":false,"statementMap":{"0":{"start":{"line":1,"column":0},"end":{"line":1,"column":22}},"1":{"start":{"line":2,"column":0},"end":{"line":2,"column":0}},"2":{"start":{"line":3,"column":0},"end":{"line":3,"column":23}},"3":{"start":{"line":4,"column":0},"end":{"line":4,"column":0}},"4":{"start":{"line":5,"column":0},"end":{"line":5,"column":22}}},"s":{"0":1,"1":1,"2":1,"3":1,"4":1},"branchMap":{},"b":{},"fnMap":{},"f":{}}
}
