TN:
SF:src\app.ts
FNF:0
FNH:0
DA:1,1
DA:2,1
DA:3,1
DA:4,1
DA:5,1
DA:6,1
DA:7,1
DA:8,1
DA:9,1
DA:10,1
DA:11,1
DA:12,1
DA:13,1
DA:14,1
DA:15,1
DA:16,1
DA:17,1
DA:18,0
DA:19,0
DA:20,0
DA:21,1
DA:22,1
DA:23,1
DA:24,7
DA:25,7
DA:26,7
DA:27,7
DA:28,7
DA:29,7
DA:30,7
DA:31,7
DA:32,7
DA:33,7
DA:34,7
DA:35,7
DA:36,7
DA:37,7
DA:38,7
DA:39,7
DA:40,7
DA:41,7
DA:42,7
DA:43,7
DA:44,7
DA:45,1
DA:46,1
DA:47,1
DA:48,7
DA:49,7
DA:50,0
DA:51,0
DA:52,0
DA:53,7
DA:54,7
DA:55,0
DA:56,0
DA:57,0
DA:58,7
DA:59,7
DA:60,7
DA:61,7
DA:62,7
DA:63,7
DA:64,7
DA:65,7
DA:66,7
DA:67,7
DA:68,7
DA:69,7
DA:70,7
DA:71,7
DA:72,7
DA:73,7
DA:74,7
DA:75,7
DA:76,7
DA:77,7
DA:78,7
DA:79,7
DA:80,7
DA:81,7
DA:82,0
DA:83,0
DA:84,0
DA:85,0
DA:86,1
DA:87,1
DA:88,1
DA:89,1
DA:90,1
DA:91,1
DA:92,1
DA:93,1
DA:94,1
DA:95,1
DA:96,1
DA:97,1
DA:98,1
DA:99,1
DA:100,1
DA:101,1
DA:102,1
DA:103,1
DA:104,1
DA:105,1
DA:106,1
DA:107,1
DA:108,1
DA:109,1
DA:110,1
DA:111,1
DA:112,1
DA:113,1
DA:114,1
DA:115,0
DA:116,0
DA:117,0
DA:118,0
DA:119,1
DA:120,1
DA:121,1
DA:122,1
DA:123,1
DA:124,1
DA:125,1
DA:126,1
DA:127,1
DA:128,1
DA:129,1
DA:130,1
DA:131,1
DA:132,1
DA:133,1
DA:134,1
DA:135,1
DA:136,1
DA:137,1
DA:138,1
DA:139,1
DA:140,1
DA:141,1
DA:142,1
DA:143,1
DA:144,1
DA:145,1
DA:146,1
DA:147,0
DA:148,0
DA:149,0
DA:150,0
DA:151,1
DA:152,1
DA:153,1
DA:154,1
DA:155,1
DA:156,1
DA:157,1
DA:158,1
DA:159,1
DA:160,1
DA:161,1
DA:162,1
DA:163,1
DA:164,1
DA:165,1
DA:166,1
DA:167,1
DA:168,1
DA:169,1
DA:170,1
DA:171,1
DA:172,1
DA:173,1
DA:174,1
DA:175,1
DA:176,1
DA:177,1
DA:178,1
DA:179,0
DA:180,0
DA:181,0
DA:182,0
DA:183,1
DA:184,1
DA:185,1
DA:186,1
DA:187,1
DA:188,1
DA:189,1
DA:190,1
DA:191,1
DA:192,1
DA:193,1
DA:194,1
DA:195,1
DA:196,1
DA:197,0
DA:198,0
DA:199,0
DA:200,0
DA:201,1
DA:202,1
DA:203,1
LF:203
LH:174
BRDA:23,0,0,7
BRDA:23,1,0,7
BRDA:27,2,0,5
BRDA:33,3,0,1
BRDA:33,4,0,1
BRDA:35,5,0,0
BRDA:39,6,0,0
BRDA:40,7,0,0
BRDA:44,8,0,1
BRDA:49,9,0,0
BRDA:54,10,0,0
BRDA:81,11,0,0
BRDA:29,12,0,7
BRDA:88,13,0,1
BRDA:88,14,0,1
BRDA:95,15,0,0
BRDA:114,16,0,0
BRDA:121,17,0,1
BRDA:121,18,0,1
BRDA:146,19,0,0
BRDA:153,20,0,1
BRDA:153,21,0,1
BRDA:161,22,0,0
BRDA:178,23,0,0
BRDA:185,24,0,1
BRDA:185,25,0,1
BRDA:196,26,0,0
BRF:27
BRH:15
end_of_record
TN:
SF:src\constants.ts
FNF:0
FNH:0
DA:1,1
DA:2,1
DA:3,1
DA:4,1
LF:4
LH:4
BRF:0
BRH:0
end_of_record
TN:
SF:src\models\movie.ts
FN:11,Movie
FN:20,set
FN:28,MovieTable
FNF:3
FNH:1
FNDA:0,Movie
FNDA:0,set
FNDA:15,MovieTable
DA:1,1
DA:2,1
DA:3,1
DA:4,1
DA:5,1
DA:6,1
DA:7,1
DA:8,1
DA:9,1
DA:10,1
DA:11,1
DA:12,0
DA:13,0
DA:14,0
DA:15,0
DA:16,0
DA:17,0
DA:18,0
DA:19,1
DA:20,1
DA:21,0
DA:22,0
DA:23,0
DA:24,0
DA:25,1
DA:26,1
DA:27,1
DA:28,1
DA:29,15
DA:30,15
DA:31,15
DA:32,15
DA:33,15
DA:34,15
DA:35,15
DA:36,15
DA:37,1
LF:37
LH:26
BRDA:28,0,0,15
BRF:1
BRH:1
end_of_record
TN:
SF:src\services\db-table.service.ts
FN:17,DbTable
FN:28,query
FN:51,placeholders
FN:55,all
FN:66,one
FN:75,exec
FN:84,count
FN:95,insert
FNF:8
FNH:7
FNDA:15,DbTable
FNDA:49,query
FNDA:49,placeholders
FNDA:10,all
FNDA:0,one
FNDA:4,exec
FNDA:8,count
FNDA:31,insert
DA:1,1
DA:2,1
DA:3,1
DA:4,1
DA:5,1
DA:6,1
DA:7,1
DA:8,1
DA:9,1
DA:10,1
DA:11,1
DA:12,1
DA:13,1
DA:14,1
DA:15,1
DA:16,1
DA:17,1
DA:18,15
DA:19,15
DA:20,15
DA:21,15
DA:22,75
DA:23,75
DA:24,15
DA:25,15
DA:26,15
DA:27,1
DA:28,1
DA:29,49
DA:30,49
DA:31,49
DA:32,49
DA:33,49
DA:34,31
DA:35,49
DA:36,8
DA:37,49
DA:38,10
DA:39,10
DA:40,10
DA:41,10
DA:42,10
DA:43,10
DA:44,10
DA:45,10
DA:46,10
DA:47,10
DA:48,49
DA:49,0
DA:50,1
DA:51,1
DA:52,49
DA:53,49
DA:54,1
DA:55,1
DA:56,10
DA:57,10
DA:58,10
DA:59,10
DA:60,10
DA:61,10
DA:62,10
DA:63,10
DA:64,10
DA:65,1
DA:66,1
DA:67,0
DA:68,0
DA:69,0
DA:70,0
DA:71,0
DA:72,0
DA:73,0
DA:74,1
DA:75,1
DA:76,4
DA:77,4
DA:78,4
DA:79,4
DA:80,4
DA:81,4
DA:82,4
DA:83,1
DA:84,1
DA:85,8
DA:86,8
DA:87,8
DA:88,8
DA:89,8
DA:90,8
DA:91,8
DA:92,8
DA:93,8
DA:94,1
DA:95,1
DA:96,31
DA:97,31
DA:98,31
DA:99,31
DA:100,31
DA:101,31
DA:102,0
DA:103,31
DA:104,31
DA:105,31
DA:106,1
LF:106
LH:97
BRDA:4,0,0,1
BRDA:17,1,0,15
BRDA:21,2,0,75
BRDA:28,3,0,49
BRDA:30,4,0,39
BRDA:33,5,0,31
BRDA:35,6,0,8
BRDA:37,7,0,10
BRDA:39,8,0,4
BRDA:40,9,0,6
BRDA:43,10,0,0
BRDA:44,11,0,2
BRDA:45,12,0,2
BRDA:46,13,0,8
BRDA:49,14,0,0
BRDA:39,15,0,5
BRDA:39,16,0,1
BRDA:39,17,0,4
BRDA:51,18,0,49
BRDA:52,19,0,209
BRDA:55,20,0,10
BRDA:56,21,0,10
BRDA:59,22,0,10
BRDA:60,23,0,0
BRDA:75,24,0,4
BRDA:76,25,0,4
BRDA:77,26,0,4
BRDA:78,27,0,0
BRDA:84,28,0,8
BRDA:85,29,0,8
BRDA:88,30,0,8
BRDA:89,31,0,0
BRDA:95,32,0,31
BRDA:99,33,0,31
BRDA:100,34,0,31
BRDA:102,35,0,0
BRF:36
BRH:30
end_of_record
TN:
SF:src\services\movies.init.service.ts
FN:5,moviewsInit
FNF:1
FNH:1
FNDA:1,moviewsInit
DA:1,1
DA:2,1
DA:3,1
DA:4,1
DA:5,1
DA:6,1
DA:7,1
DA:8,1
DA:9,1
DA:10,1
DA:11,1
DA:12,1
DA:13,1
DA:14,31
DA:15,31
DA:16,31
DA:17,31
DA:18,31
DA:19,31
DA:20,31
DA:21,31
DA:22,31
DA:23,31
DA:24,31
DA:25,31
DA:26,31
DA:27,31
DA:28,31
DA:29,31
DA:30,31
DA:31,1
DA:32,1
DA:33,1
DA:34,1
LF:34
LH:34
BRDA:5,0,0,1
BRDA:5,1,0,1
BRDA:13,2,0,31
BRDA:13,3,0,31
BRDA:18,4,0,31
BRDA:20,5,0,31
BRF:6
BRH:6
end_of_record
TN:
SF:src\services\range.service.ts
FN:4,adgeQuery
FN:24,getLowestInterval
FN:36,getHighestInterval
FN:47,getInterval
FNF:4
FNH:4
FNDA:2,adgeQuery
FNDA:1,getLowestInterval
FNDA:1,getHighestInterval
FNDA:2,getInterval
DA:1,1
DA:2,1
DA:3,1
DA:4,2
DA:5,2
DA:6,2
DA:7,2
DA:8,2
DA:9,2
DA:10,2
DA:11,2
DA:12,2
DA:13,2
DA:14,2
DA:15,2
DA:16,2
DA:17,2
DA:18,2
DA:19,2
DA:20,2
DA:21,2
DA:22,2
DA:23,1
DA:24,1
DA:25,1
DA:26,1
DA:27,1
DA:28,1
DA:29,1
DA:30,1
DA:31,0
DA:32,0
DA:33,0
DA:34,1
DA:35,1
DA:36,1
DA:37,1
DA:38,1
DA:39,1
DA:40,1
DA:41,1
DA:42,0
DA:43,0
DA:44,0
DA:45,1
DA:46,1
DA:47,2
DA:48,2
DA:49,2
DA:50,2
DA:51,2
DA:52,2
DA:53,2
DA:54,2
DA:55,2
DA:56,2
DA:57,2
DA:58,2
DA:59,2
DA:60,2
DA:61,2
DA:62,2
DA:63,2
DA:64,2
DA:65,2
DA:66,2
DA:67,2
DA:68,2
DA:69,2
DA:70,2
DA:71,2
DA:72,2
DA:73,2
DA:74,2
DA:75,0
DA:76,0
DA:77,0
DA:78,2
LF:78
LH:69
BRDA:4,0,0,2
BRDA:24,1,0,1
BRDA:30,2,0,0
BRDA:36,3,0,1
BRDA:41,4,0,0
BRDA:47,5,0,2
BRDA:74,6,0,0
BRF:7
BRH:4
end_of_record
TN:
SF:src\services\seed.service.ts
FN:12,SeedService
FN:17,drop
FN:26,createTable
FN:40,onResponse
FN:57,wait
FN:61,createParser
FN:66,seed
FNF:7
FNH:7
FNDA:1,SeedService
FNDA:1,drop
FNDA:1,createTable
FNDA:1,onResponse
FNDA:31,wait
FNDA:1,createParser
FNDA:1,seed
DA:1,1
DA:2,1
DA:3,1
DA:4,1
DA:5,1
DA:6,1
DA:7,1
DA:8,1
DA:9,1
DA:10,1
DA:11,1
DA:12,1
DA:13,1
DA:14,1
DA:15,1
DA:16,1
DA:17,1
DA:18,1
DA:19,1
DA:20,1
DA:21,1
DA:22,1
DA:23,1
DA:24,1
DA:25,1
DA:26,1
DA:27,1
DA:28,1
DA:29,1
DA:30,1
DA:31,1
DA:32,1
DA:33,1
DA:34,1
DA:35,1
DA:36,1
DA:37,1
DA:38,1
DA:39,1
DA:40,1
DA:41,1
DA:42,1
DA:43,1
DA:44,1
DA:45,1
DA:46,0
DA:47,0
DA:48,0
DA:49,0
DA:50,0
DA:51,1
DA:52,1
DA:53,1
DA:54,1
DA:55,1
DA:56,1
DA:57,1
DA:58,31
DA:59,31
DA:60,1
DA:61,1
DA:62,1
DA:63,1
DA:64,1
DA:65,1
DA:66,1
DA:67,1
DA:68,1
DA:69,1
DA:70,1
DA:71,1
DA:72,1
DA:73,1
DA:74,1
DA:75,1
DA:76,2
DA:77,2
DA:78,2
DA:79,2
DA:80,33
DA:81,33
DA:82,2
DA:83,2
DA:84,2
DA:85,31
DA:86,31
DA:87,31
DA:88,31
DA:89,31
DA:90,33
DA:91,0
DA:92,0
DA:93,0
DA:94,0
DA:95,33
DA:96,0
DA:97,0
DA:98,0
DA:99,31
DA:100,31
DA:101,31
DA:102,2
DA:103,1
DA:104,1
DA:105,1
DA:106,1
DA:107,1
LF:107
LH:95
BRDA:12,0,0,1
BRDA:17,1,0,1
BRDA:18,2,0,1
BRDA:19,3,0,1
BRDA:20,4,0,0
BRDA:26,5,0,1
BRDA:27,6,0,1
BRDA:30,7,0,1
BRDA:40,8,0,1
BRDA:46,9,0,0
BRDA:57,10,0,31
BRDA:58,11,0,31
BRDA:61,12,0,1
BRDA:66,13,0,1
BRDA:71,14,0,1
BRDA:75,15,0,2
BRDA:75,16,0,2
BRDA:79,17,0,33
BRDA:81,18,0,2
BRDA:85,19,0,31
BRDA:90,20,0,0
BRDA:95,21,0,0
BRDA:99,22,0,31
BRDA:103,23,0,1
BRF:24
BRH:20
end_of_record
TN:
SF:src\services\spinner.service.ts
FNF:0
FNH:0
DA:1,1
DA:2,1
DA:3,1
DA:4,1
DA:5,1
LF:5
LH:5
BRF:0
BRH:0
end_of_record
